<?xml version="1.0" encoding="UTF-8"?>
<!-- Generated by org.testng.reporters.JUnitReportReporter -->
<testsuite skipped="0" hostname="RILTP-7610" name="com.learnautomation.testcases.LoginTestCRM" tests="1" failures="0" timestamp="07 Apr 2020 18:19:53 GMT" time="2.161" errors="0">
  <testcase name="verifyBrokenLinksOnHomePAge" time="2.161" classname="com.learnautomation.testcases.LoginTestCRM"/>
</testsuite> <!-- com.learnautomation.testcases.LoginTestCRM -->
